0 info it worked if it ends with ok
<<<<<<< HEAD
1 verbose cli [ '/usr/local/bin/node', '/usr/local/bin/npm', 'start' ]
=======
1 verbose cli [ 'C:\\Program Files\\nodejs\\node.exe',
1 verbose cli   'C:\\Program Files\\nodejs\\node_modules\\npm\\bin\\npm-cli.js',
1 verbose cli   'start' ]
>>>>>>> 2e57cfce7489c376c71aa9a984524242f7969a35
2 info using npm@2.14.12
3 info using node@v4.3.1
4 verbose run-script [ 'prestart', 'start', 'poststart' ]
5 info prestart sos-2016-01@1.0.0
6 info start sos-2016-01@1.0.0
7 verbose unsafe-perm in lifecycle true
8 info sos-2016-01@1.0.0 Failed to exec start script
9 verbose stack Error: sos-2016-01@1.0.0 start: `node index.js`
9 verbose stack Exit status 1
<<<<<<< HEAD
9 verbose stack     at EventEmitter.<anonymous> (/usr/local/lib/node_modules/npm/lib/utils/lifecycle.js:214:16)
9 verbose stack     at emitTwo (events.js:87:13)
9 verbose stack     at EventEmitter.emit (events.js:172:7)
9 verbose stack     at ChildProcess.<anonymous> (/usr/local/lib/node_modules/npm/lib/utils/spawn.js:24:14)
=======
9 verbose stack     at EventEmitter.<anonymous> (C:\Program Files\nodejs\node_modules\npm\lib\utils\lifecycle.js:214:16)
9 verbose stack     at emitTwo (events.js:87:13)
9 verbose stack     at EventEmitter.emit (events.js:172:7)
9 verbose stack     at ChildProcess.<anonymous> (C:\Program Files\nodejs\node_modules\npm\lib\utils\spawn.js:24:14)
>>>>>>> 2e57cfce7489c376c71aa9a984524242f7969a35
9 verbose stack     at emitTwo (events.js:87:13)
9 verbose stack     at ChildProcess.emit (events.js:172:7)
9 verbose stack     at maybeClose (internal/child_process.js:821:16)
9 verbose stack     at Process.ChildProcess._handle.onexit (internal/child_process.js:211:5)
10 verbose pkgid sos-2016-01@1.0.0
<<<<<<< HEAD
11 verbose cwd /Users/Javier/Dropbox/US/Tercero/SOS/sos-2016-01
12 error Darwin 15.4.0
13 error argv "/usr/local/bin/node" "/usr/local/bin/npm" "start"
=======
11 verbose cwd E:\Dropbox\UNIVERSIDAD\Tercero\SOS\sos-2016-01
12 error Windows_NT 10.0.10586
13 error argv "C:\\Program Files\\nodejs\\node.exe" "C:\\Program Files\\nodejs\\node_modules\\npm\\bin\\npm-cli.js" "start"
>>>>>>> 2e57cfce7489c376c71aa9a984524242f7969a35
14 error node v4.3.1
15 error npm  v2.14.12
16 error code ELIFECYCLE
17 error sos-2016-01@1.0.0 start: `node index.js`
17 error Exit status 1
18 error Failed at the sos-2016-01@1.0.0 start script 'node index.js'.
18 error This is most likely a problem with the sos-2016-01 package,
18 error not with npm itself.
18 error Tell the author that this fails on your system:
18 error     node index.js
18 error You can get their info via:
18 error     npm owner ls sos-2016-01
18 error There is likely additional logging output above.
19 verbose exit [ 1, true ]
