0 info it worked if it ends with ok
1 verbose cli [ '/usr/local/bin/node',
1 verbose cli   '/usr/local/bin/npm',
1 verbose cli   'install',
1 verbose cli   '-g',
1 verbose cli   'bower' ]
2 info using npm@2.14.12
3 info using node@v4.3.1
4 verbose install initial load of /usr/local/lib/package.json
5 verbose readDependencies loading dependencies from /usr/local/lib/package.json
6 silly cache add args [ 'bower', null ]
7 verbose cache add spec bower
8 silly cache add parsed spec Result {
8 silly cache add   raw: 'bower',
8 silly cache add   scope: null,
8 silly cache add   name: 'bower',
8 silly cache add   rawSpec: '',
8 silly cache add   spec: 'latest',
8 silly cache add   type: 'tag' }
9 silly addNamed bower@latest
10 verbose addNamed "latest" is being treated as a dist-tag for bower
11 info addNameTag [ 'bower', 'latest' ]
12 silly mapToRegistry name bower
13 silly mapToRegistry using default registry
14 silly mapToRegistry registry https://registry.npmjs.org/
15 silly mapToRegistry uri https://registry.npmjs.org/bower
16 verbose addNameTag registry:https://registry.npmjs.org/bower not in flight; fetching
17 verbose get https://registry.npmjs.org/bower not expired, no request
18 silly addNameTag next cb for bower with tag latest
19 silly addNamed bower@1.7.9
20 verbose addNamed "1.7.9" is a plain semver version for bower
21 silly cache afterAdd bower@1.7.9
22 verbose afterAdd /Users/Javier/.npm/bower/1.7.9/package/package.json not in flight; writing
23 verbose afterAdd /Users/Javier/.npm/bower/1.7.9/package/package.json written
24 silly install resolved [ { name: 'bower',
24 silly install resolved     version: '1.7.9',
24 silly install resolved     description: 'The browser package manager',
24 silly install resolved     author: { name: 'Twitter' },
24 silly install resolved     license: 'MIT',
24 silly install resolved     repository: { type: 'git', url: 'git+https://github.com/bower/bower.git' },
24 silly install resolved     main: 'lib',
24 silly install resolved     bin: { bower: 'bin/bower' },
24 silly install resolved     homepage: 'http://bower.io',
24 silly install resolved     engines: { node: '>=0.10.0' },
24 silly install resolved     keywords: [ 'bower' ],
24 silly install resolved     files: [ 'bin', 'lib' ],
24 silly install resolved     bugs: { url: 'https://github.com/bower/bower/issues' },
24 silly install resolved     _id: 'bower@1.7.9',
24 silly install resolved     scripts: {},
24 silly install resolved     _shasum: 'b7296c2393e0d75edaa6ca39648132dd255812b0',
24 silly install resolved     _from: 'bower@latest',
24 silly install resolved     _npmVersion: '3.7.3',
24 silly install resolved     _nodeVersion: '5.9.0',
24 silly install resolved     _npmUser: { name: 'sheerun', email: 'sheerun@sher.pl' },
24 silly install resolved     dist:
24 silly install resolved      { shasum: 'b7296c2393e0d75edaa6ca39648132dd255812b0',
24 silly install resolved        tarball: 'https://registry.npmjs.org/bower/-/bower-1.7.9.tgz' },
24 silly install resolved     maintainers:
24 silly install resolved      [ [Object],
24 silly install resolved        [Object],
24 silly install resolved        [Object],
24 silly install resolved        [Object],
24 silly install resolved        [Object],
24 silly install resolved        [Object],
24 silly install resolved        [Object] ],
24 silly install resolved     _npmOperationalInternal:
24 silly install resolved      { host: 'packages-12-west.internal.npmjs.com',
24 silly install resolved        tmp: 'tmp/bower-1.7.9.tgz_1459857239351_0.9720134933013469' },
24 silly install resolved     directories: {},
24 silly install resolved     _resolved: 'https://registry.npmjs.org/bower/-/bower-1.7.9.tgz',
24 silly install resolved     readme: 'ERROR: No README data found!' } ]
25 info install bower@1.7.9 into /usr/local/lib
26 info installOne bower@1.7.9
27 verbose installOne of bower to /usr/local/lib not in flight; installing
28 verbose lock using /Users/Javier/.npm/_locks/bower-e8debc5417026b57.lock for /usr/local/lib/node_modules/bower
29 silly install write writing bower 1.7.9 to /usr/local/lib/node_modules/bower
30 verbose unbuild lib/node_modules/bower
31 info preuninstall bower@1.7.9
32 info uninstall bower@1.7.9
33 verbose unbuild rmStuff bower@1.7.9 from /usr/local/lib/node_modules
34 silly gentlyRm /usr/local/bin/bower is being gently removed
35 silly gentlyRm verifying /usr/local is an npm working directory
36 silly gentlyRm containing path /usr/local is under npm's control, in /usr/local
37 silly gentlyRm deletion target /usr/local/bin/bower is under /usr/local
38 verbose gentlyRm vacuuming from /usr/local/bin/bower up to /usr/local
39 info postuninstall bower@1.7.9
40 silly gentlyRm /usr/local/lib/node_modules/bower is being purged from base /usr/local
41 verbose gentlyRm don't care about contents; nuking /usr/local/lib/node_modules/bower
42 silly vacuum-fs purging /usr/local/lib/node_modules/bower
43 verbose unlock done using /Users/Javier/.npm/_locks/bower-e8debc5417026b57.lock for /usr/local/lib/node_modules/bower
44 verbose stack Error: EACCES: permission denied, unlink '/usr/local/lib/node_modules/bower/LICENSE'
44 verbose stack     at Error (native)
45 verbose cwd /Users/Javier/Dropbox/US/Tercero/SOS/sos-2016-01/static/data/oil/RESTClient
46 error Darwin 15.4.0
47 error argv "/usr/local/bin/node" "/usr/local/bin/npm" "install" "-g" "bower"
48 error node v4.3.1
49 error npm  v2.14.12
50 error path /usr/local/lib/node_modules/bower/LICENSE
51 error code EACCES
52 error errno -13
53 error syscall unlink
54 error Error: EACCES: permission denied, unlink '/usr/local/lib/node_modules/bower/LICENSE'
54 error     at Error (native)
54 error  { [Error: EACCES: permission denied, unlink '/usr/local/lib/node_modules/bower/LICENSE']
54 error   errno: -13,
54 error   code: 'EACCES',
54 error   syscall: 'unlink',
54 error   path: '/usr/local/lib/node_modules/bower/LICENSE' }
55 error Please try running this command again as root/Administrator.
56 verbose exit [ -13, true ]
57 verbose unbuild lib/node_modules/bower
58 info preuninstall bower@1.7.9
59 info uninstall bower@1.7.9
60 verbose unbuild rmStuff bower@1.7.9 from /usr/local/lib/node_modules
61 silly gentlyRm /usr/local/bin/bower is being gently removed
62 silly gentlyRm verifying /usr/local is an npm working directory
63 silly gentlyRm containing path /usr/local is under npm's control, in /usr/local
64 silly gentlyRm deletion target /usr/local/bin/bower is under /usr/local
65 verbose gentlyRm vacuuming from /usr/local/bin/bower up to /usr/local
66 info postuninstall bower@1.7.9
67 silly gentlyRm /usr/local/lib/node_modules/bower is being purged from base /usr/local
68 verbose gentlyRm don't care about contents; nuking /usr/local/lib/node_modules/bower
69 silly vacuum-fs purging /usr/local/lib/node_modules/bower
70 error error rolling back Error: EACCES: permission denied, unlink '/usr/local/lib/node_modules/bower/CHANGELOG.md'
70 error error rolling back     at Error (native)
70 error error rolling back  { [Error: EACCES: permission denied, unlink '/usr/local/lib/node_modules/bower/CHANGELOG.md']
70 error error rolling back   errno: -13,
70 error error rolling back   code: 'EACCES',
70 error error rolling back   syscall: 'unlink',
70 error error rolling back   path: '/usr/local/lib/node_modules/bower/CHANGELOG.md' }
